#
# There is insufficient memory for the Java Runtime Environment to continue.
# Native memory allocation (malloc) failed to allocate 736848 bytes for Chunk::new
# Possible reasons:
#   The system is out of physical RAM or swap space
#   In 32 bit mode, the process size limit was hit
# Possible solutions:
#   Reduce memory load on the system
#   Increase physical memory or swap space
#   Check if swap backing store is full
#   Use 64 bit Java on a 64 bit OS
#   Decrease Java heap size (-Xmx/-Xms)
#   Decrease number of Java threads
#   Decrease Java thread stack sizes (-Xss)
#   Set larger code cache with -XX:ReservedCodeCacheSize=
# This output file may be truncated or incomplete.
#
#  Out of Memory Error (allocation.cpp:390), pid=13840, tid=13572
#
# JRE version: Java(TM) SE Runtime Environment (8.0_25-b18) (build 1.8.0_25-b18)
# Java VM: Java HotSpot(TM) 64-Bit Server VM (25.25-b02 mixed mode windows-amd64 compressed oops)
# Failed to write core dump. Minidumps are not enabled by default on client versions of Windows
#

---------------  T H R E A D  ---------------

Current thread (0x0000000014d38000):  JavaThread "C2 CompilerThread0" daemon [_thread_in_native, id=13572, stack(0x00000000167d0000,0x00000000168d0000)]

Stack: [0x00000000167d0000,0x00000000168d0000]
[error occurred during error reporting (printing stack bounds), id 0xc0000005]

Native frames: (J=compiled Java code, j=interpreted, Vv=VM code, C=native code)
V  [jvm.dll+0x31667a]
V  [jvm.dll+0x267073]
V  [jvm.dll+0x267cb3]
V  [jvm.dll+0x2808d6]
V  [jvm.dll+0x2844bc]
V  [jvm.dll+0x5ae98f]
C  [msvcr100.dll+0x712e3]
V  [jvm.dll+0x5ae08d]
C  [ntdll.dll+0x29d2d]
C  [ntdll.dll+0x191cf]
C  [ntdll.dll+0x51248]
V  [jvm.dll+0x206881]


Current CompileTask:
C2:  10066  811       4       Models.Fox::act (58 bytes)


---------------  P R O C E S S  ---------------

Java Threads: ( => current thread )
  0x0000000016493800 JavaThread "Image Fetcher 0" daemon [_thread_blocked, id=13872, stack(0x000000001a2e0000,0x000000001a3e0000)]
  0x0000000016350000 JavaThread "Thread-2" [_thread_blocked, id=14248, stack(0x000000001a190000,0x000000001a290000)]
  0x000000001842a800 JavaThread "TimerQueue" daemon [_thread_blocked, id=4468, stack(0x000000001a000000,0x000000001a100000)]
  0x0000000001e2e800 JavaThread "DestroyJavaVM" [_thread_blocked, id=13484, stack(0x0000000002140000,0x0000000002240000)]
  0x000000001669b800 JavaThread "AWT-EventQueue-0" [_thread_blocked, id=6128, stack(0x0000000018280000,0x0000000018380000)]
  0x0000000016629800 JavaThread "AWT-Windows" daemon [_thread_in_native, id=13432, stack(0x0000000017120000,0x0000000017220000)]
  0x0000000016629000 JavaThread "AWT-Shutdown" [_thread_blocked, id=14236, stack(0x0000000016ea0000,0x0000000016fa0000)]
  0x0000000016628000 JavaThread "Java2D Disposer" daemon [_thread_blocked, id=14224, stack(0x0000000016fe0000,0x00000000170e0000)]
  0x0000000016324000 JavaThread "Service Thread" daemon [_thread_blocked, id=13892, stack(0x0000000016d60000,0x0000000016e60000)]
  0x00000000162b5000 JavaThread "C1 CompilerThread2" daemon [_thread_blocked, id=13904, stack(0x0000000016c30000,0x0000000016d30000)]
  0x0000000014d3a000 JavaThread "C2 CompilerThread1" daemon [_thread_in_native, id=9108, stack(0x0000000016980000,0x0000000016a80000)]
=>0x0000000014d38000 JavaThread "C2 CompilerThread0" daemon [_thread_in_native, id=13572, stack(0x00000000167d0000,0x00000000168d0000)]
  0x0000000014d36800 JavaThread "Attach Listener" daemon [_thread_blocked, id=13632, stack(0x00000000161a0000,0x00000000162a0000)]
  0x0000000014d33000 JavaThread "Signal Dispatcher" daemon [_thread_blocked, id=11380, stack(0x0000000016030000,0x0000000016130000)]
  0x0000000014cd3800 JavaThread "Finalizer" daemon [_thread_blocked, id=11644, stack(0x0000000011cb0000,0x0000000011db0000)]
  0x0000000014cca800 JavaThread "Reference Handler" daemon [_thread_blocked, id=11008, stack(0x0000000015ec0000,0x0000000015fc0000)]

Other Threads:
  0x0000000014cc7000 VMThread [stack: 0x0000000015cf0000,0x0000000015df0000] [id=10104]
  0x0000000014d3f800 WatcherThread [stack: 0x0000000016ad0000,0x0000000016bd0000] [id=14232]

VM state:at safepoint (normal execution)

VM Mutex/Monitor currently owned by a thread:  ([mutex/lock_event])
[0x0000000001e2c9b0] Threads_lock - owner thread: 0x0000000014cc7000
[0x0000000001e2ceb0] Heap_lock - owner thread: 0x0000000016350000

Heap:
 PSYoungGen      total 69632K, used 65600K [0x00000000eb200000, 0x00000000efa00000, 0x0000000100000000)
  eden space 65536K, 100% used [0x00000000eb200000,0x00000000ef200000,0x00000000ef200000)
  from space 4096K, 1% used [0x00000000ef600000,0x00000000ef610000,0x00000000efa00000)
  to   space 4096K, 2% used [0x00000000ef200000,0x00000000ef218000,0x00000000ef600000)
 ParOldGen       total 44032K, used 3685K [0x00000000c1600000, 0x00000000c4100000, 0x00000000eb200000)
  object space 44032K, 8% used [0x00000000c1600000,0x00000000c19994c8,0x00000000c4100000)
 Metaspace       used 10629K, capacity 10732K, committed 10880K, reserved 1058816K
  class space    used 1334K, capacity 1385K, committed 1408K, reserved 1048576K

Card table byte_map: [0x00000000118d0000,0x0000000011ad0000] byte_map_base: 0x00000000112c5000

Marking Bits: (ParMarkBitMap*) 0x0000000050f2d490
 Begin Bits: [0x00000000121f0000, 0x0000000013198000)
 End Bits:   [0x0000000013198000, 0x0000000014140000)

Polling page: 0x0000000000300000

CodeCache: size=245760Kb used=3872Kb max_used=3872Kb free=241887Kb
 bounds [0x0000000002510000, 0x00000000028e0000, 0x0000000011510000]
 total_blobs=1611 nmethods=1134 adapters=389
 compilation: enabled

Compilation events (10 events):
Event: 8.762 Thread 0x00000000162b5000  886       3       sun.font.SunFontManager::maybeUsingAlternateCompositeFonts (20 bytes)
Event: 8.762 Thread 0x00000000162b5000 nmethod 886 0x00000000027fda90 code [0x00000000027fdbe0, 0x00000000027fddd0]
Event: 8.762 Thread 0x00000000162b5000  887  s    3       java.lang.StringBuffer::append (13 bytes)
Event: 8.762 Thread 0x00000000162b5000 nmethod 887 0x00000000027fde50 code [0x00000000027fdfc0, 0x00000000027fe2c8]
Event: 8.762 Thread 0x00000000162b5000  888       3       sun.font.FontDesignMetrics::getDefaultFrc (53 bytes)
Event: 8.763 Thread 0x00000000162b5000 nmethod 888 0x00000000027fe390 code [0x00000000027fe5c0, 0x00000000027ff118]
Event: 8.763 Thread 0x00000000162b5000  889       3       Other.Counter::reset (6 bytes)
Event: 8.763 Thread 0x00000000162b5000 nmethod 889 0x00000000027ff510 code [0x00000000027ff660, 0x00000000027ff7b0]
Event: 8.764 Thread 0x00000000162b5000  890       3       java.awt.Window::isOpaque (29 bytes)
Event: 8.766 Thread 0x00000000162b5000 


GC Heap History (10 events):
Event: 8.450 GC heap before
{Heap before GC invocations=4 (full 0):
 PSYoungGen      total 18944K, used 18937K [0x00000000eb200000, 0x00000000ed700000, 0x0000000100000000)
  eden space 16384K, 100% used [0x00000000eb200000,0x00000000ec200000,0x00000000ec200000)
  from space 2560K, 99% used [0x00000000ec200000,0x00000000ec47e540,0x00000000ec480000)
  to   space 2560K, 0% used [0x00000000ed480000,0x00000000ed480000,0x00000000ed700000)
 ParOldGen       total 44032K, used 697K [0x00000000c1600000, 0x00000000c4100000, 0x00000000eb200000)
  object space 44032K, 1% used [0x00000000c1600000,0x00000000c16ae730,0x00000000c4100000)
 Metaspace       used 10319K, capacity 10468K, committed 10624K, reserved 1058816K
  class space    used 1333K, capacity 1385K, committed 1408K, reserved 1048576K
Event: 8.459 GC heap after
Heap after GC invocations=4 (full 0):
 PSYoungGen      total 35328K, used 2553K [0x00000000eb200000, 0x00000000ed700000, 0x0000000100000000)
  eden space 32768K, 0% used [0x00000000eb200000,0x00000000eb200000,0x00000000ed200000)
  from space 2560K, 99% used [0x00000000ed480000,0x00000000ed6fe540,0x00000000ed700000)
  to   space 2560K, 0% used [0x00000000ed200000,0x00000000ed200000,0x00000000ed480000)
 ParOldGen       total 44032K, used 705K [0x00000000c1600000, 0x00000000c4100000, 0x00000000eb200000)
  object space 44032K, 1% used [0x00000000c1600000,0x00000000c16b0730,0x00000000c4100000)
 Metaspace       used 10319K, capacity 10468K, committed 10624K, reserved 1058816K
  class space    used 1333K, capacity 1385K, committed 1408K, reserved 1048576K
}
Event: 8.578 GC heap before
{Heap before GC invocations=5 (full 0):
 PSYoungGen      total 35328K, used 35321K [0x00000000eb200000, 0x00000000ed700000, 0x0000000100000000)
  eden space 32768K, 100% used [0x00000000eb200000,0x00000000ed200000,0x00000000ed200000)
  from space 2560K, 99% used [0x00000000ed480000,0x00000000ed6fe540,0x00000000ed700000)
  to   space 2560K, 0% used [0x00000000ed200000,0x00000000ed200000,0x00000000ed480000)
 ParOldGen       total 44032K, used 707K [0x00000000c1600000, 0x00000000c4100000, 0x00000000eb200000)
  object space 44032K, 1% used [0x00000000c1600000,0x00000000c16b0d98,0x00000000c4100000)
 Metaspace       used 10391K, capacity 10532K, committed 10624K, reserved 1058816K
  class space    used 1333K, capacity 1385K, committed 1408K, reserved 1048576K
Event: 8.603 GC heap after
Heap after GC invocations=5 (full 0):
 PSYoungGen      total 35328K, used 2521K [0x00000000eb200000, 0x00000000ed700000, 0x0000000100000000)
  eden space 32768K, 0% used [0x00000000eb200000,0x00000000eb200000,0x00000000ed200000)
  from space 2560K, 98% used [0x00000000ed200000,0x00000000ed476540,0x00000000ed480000)
  to   space 2560K, 0% used [0x00000000ed480000,0x00000000ed480000,0x00000000ed700000)
 ParOldGen       total 44032K, used 707K [0x00000000c1600000, 0x00000000c4100000, 0x00000000eb200000)
  object space 44032K, 1% used [0x00000000c1600000,0x00000000c16b0d98,0x00000000c4100000)
 Metaspace       used 10391K, capacity 10532K, committed 10624K, reserved 1058816K
  class space    used 1333K, capacity 1385K, committed 1408K, reserved 1048576K
}
Event: 8.603 GC heap before
{Heap before GC invocations=6 (full 0):
 PSYoungGen      total 35328K, used 3143K [0x00000000eb200000, 0x00000000ed700000, 0x0000000100000000)
  eden space 32768K, 1% used [0x00000000eb200000,0x00000000eb29b800,0x00000000ed200000)
  from space 2560K, 98% used [0x00000000ed200000,0x00000000ed476540,0x00000000ed480000)
  to   space 2560K, 0% used [0x00000000ed480000,0x00000000ed480000,0x00000000ed700000)
 ParOldGen       total 44032K, used 707K [0x00000000c1600000, 0x00000000c4100000, 0x00000000eb200000)
  object space 44032K, 1% used [0x00000000c1600000,0x00000000c16b0d98,0x00000000c4100000)
 Metaspace       used 10391K, capacity 10532K, committed 10624K, reserved 1058816K
  class space    used 1333K, capacity 1385K, committed 1408K, reserved 1048576K
Event: 8.653 GC heap after
Heap after GC invocations=6 (full 0):
 PSYoungGen      total 35328K, used 2489K [0x00000000eb200000, 0x00000000ed700000, 0x0000000100000000)
  eden space 32768K, 0% used [0x00000000eb200000,0x00000000eb200000,0x00000000ed200000)
  from space 2560K, 97% used [0x00000000ed480000,0x00000000ed6ee540,0x00000000ed700000)
  to   space 2560K, 0% used [0x00000000ed200000,0x00000000ed200000,0x00000000ed480000)
 ParOldGen       total 44032K, used 715K [0x00000000c1600000, 0x00000000c4100000, 0x00000000eb200000)
  object space 44032K, 1% used [0x00000000c1600000,0x00000000c16b2d98,0x00000000c4100000)
 Metaspace       used 10391K, capacity 10532K, committed 10624K, reserved 1058816K
  class space    used 1333K, capacity 1385K, committed 1408K, reserved 1048576K
}
Event: 8.734 GC heap before
{Heap before GC invocations=7 (full 0):
 PSYoungGen      total 35328K, used 35257K [0x00000000eb200000, 0x00000000ed700000, 0x0000000100000000)
  eden space 32768K, 100% used [0x00000000eb200000,0x00000000ed200000,0x00000000ed200000)
  from space 2560K, 97% used [0x00000000ed480000,0x00000000ed6ee540,0x00000000ed700000)
  to   space 2560K, 0% used [0x00000000ed200000,0x00000000ed200000,0x00000000ed480000)
 ParOldGen       total 44032K, used 715K [0x00000000c1600000, 0x00000000c4100000, 0x00000000eb200000)
  object space 44032K, 1% used [0x00000000c1600000,0x00000000c16b2d98,0x00000000c4100000)
 Metaspace       used 10393K, capacity 10532K, committed 10624K, reserved 1058816K
  class space    used 1333K, capacity 1385K, committed 1408K, reserved 1048576K
Event: 8.744 GC heap after
Heap after GC invocations=7 (full 0):
 PSYoungGen      total 35328K, used 96K [0x00000000eb200000, 0x00000000efa00000, 0x0000000100000000)
  eden space 32768K, 0% used [0x00000000eb200000,0x00000000eb200000,0x00000000ed200000)
  from space 2560K, 3% used [0x00000000ed200000,0x00000000ed218000,0x00000000ed480000)
  to   space 4096K, 0% used [0x00000000ef600000,0x00000000ef600000,0x00000000efa00000)
 ParOldGen       total 44032K, used 3096K [0x00000000c1600000, 0x00000000c4100000, 0x00000000eb200000)
  object space 44032K, 7% used [0x00000000c1600000,0x00000000c1906318,0x00000000c4100000)
 Metaspace       used 10393K, capacity 10532K, committed 10624K, reserved 1058816K
  class space    used 1333K, capacity 1385K, committed 1408K, reserved 1048576K
}
Event: 8.794 GC heap before
{Heap before GC invocations=8 (full 0):
 PSYoungGen      total 35328K, used 32864K [0x00000000eb200000, 0x00000000efa00000, 0x0000000100000000)
  eden space 32768K, 100% used [0x00000000eb200000,0x00000000ed200000,0x00000000ed200000)
  from space 2560K, 3% used [0x00000000ed200000,0x00000000ed218000,0x00000000ed480000)
  to   space 4096K, 0% used [0x00000000ef600000,0x00000000ef600000,0x00000000efa00000)
 ParOldGen       total 44032K, used 3096K [0x00000000c1600000, 0x00000000c4100000, 0x00000000eb200000)
  object space 44032K, 7% used [0x00000000c1600000,0x00000000c1906318,0x00000000c4100000)
 Metaspace       used 10406K, capacity 10532K, committed 10624K, reserved 1058816K
  class space    used 1333K, capacity 1385K, committed 1408K, reserved 1048576K
Event: 8.794 GC heap after
Heap after GC invocations=8 (full 0):
 PSYoungGen      total 69632K, used 160K [0x00000000eb200000, 0x00000000efa00000, 0x0000000100000000)
  eden space 65536K, 0% used [0x00000000eb200000,0x00000000eb200000,0x00000000ef200000)
  from space 4096K, 3% used [0x00000000ef600000,0x00000000ef628000,0x00000000efa00000)
  to   space 4096K, 0% used [0x00000000ef200000,0x00000000ef200000,0x00000000ef600000)
 ParOldGen       total 44032K, used 3115K [0x00000000c1600000, 0x00000000c4100000, 0x00000000eb200000)
  object space 44032K, 7% used [0x00000000c1600000,0x00000000c190ae88,0x00000000c4100000)
 Metaspace       used 10406K, capacity 10532K, committed 10624K, reserved 1058816K
  class space    used 1333K, capacity 1385K, committed 1408K, reserved 1048576K
}

Deoptimization events (5 events):
Event: 3.804 Thread 0x000000001669b800 Uncommon trap: reason=class_check action=maybe_recompile pc=0x00000000026bfe0c method=java.lang.String.equals(Ljava/lang/Object;)Z @ 8
Event: 3.804 Thread 0x000000001669b800 Uncommon trap: reason=class_check action=maybe_recompile pc=0x00000000026bfe0c method=java.lang.String.equals(Ljava/lang/Object;)Z @ 8
Event: 3.867 Thread 0x000000001669b800 Uncommon trap: reason=class_check action=maybe_recompile pc=0x00000000026bfe0c method=java.lang.String.equals(Ljava/lang/Object;)Z @ 8
Event: 3.867 Thread 0x000000001669b800 Uncommon trap: reason=class_check action=maybe_recompile pc=0x00000000026bfe0c method=java.lang.String.equals(Ljava/lang/Object;)Z @ 8
Event: 8.202 Thread 0x000000001669b800 Uncommon trap: reason=unreached action=reinterpret pc=0x0000000002754ed4 method=sun.java2d.SunGraphics2D.validateColor()V @ 38

Internal exceptions (10 events):
Event: 0.257 Thread 0x0000000001e2e800 Exception <a 'java/security/PrivilegedActionException'> (0x00000000eb54ce80) thrown at [D:\re\workspace\8-2-build-windows-amd64-cygwin\jdk8u25\1677\hotspot\src\share\vm\prims\jvm.cpp, line 1312]
Event: 0.258 Thread 0x0000000001e2e800 Exception <a 'java/security/PrivilegedActionException'> (0x00000000eb54f370) thrown at [D:\re\workspace\8-2-build-windows-amd64-cygwin\jdk8u25\1677\hotspot\src\share\vm\prims\jvm.cpp, line 1312]
Event: 0.258 Thread 0x0000000001e2e800 Exception <a 'java/security/PrivilegedActionException'> (0x00000000eb551860) thrown at [D:\re\workspace\8-2-build-windows-amd64-cygwin\jdk8u25\1677\hotspot\src\share\vm\prims\jvm.cpp, line 1312]
Event: 0.260 Thread 0x0000000001e2e800 Exception <a 'java/security/PrivilegedActionException'> (0x00000000eb553d70) thrown at [D:\re\workspace\8-2-build-windows-amd64-cygwin\jdk8u25\1677\hotspot\src\share\vm\prims\jvm.cpp, line 1312]
Event: 0.277 Thread 0x0000000001e2e800 Exception <a 'java/security/PrivilegedActionException'> (0x00000000eb572888) thrown at [D:\re\workspace\8-2-build-windows-amd64-cygwin\jdk8u25\1677\hotspot\src\share\vm\prims\jvm.cpp, line 1312]
Event: 0.388 Thread 0x0000000001e2e800 Exception <a 'java/security/PrivilegedActionException'> (0x00000000eb636238) thrown at [D:\re\workspace\8-2-build-windows-amd64-cygwin\jdk8u25\1677\hotspot\src\share\vm\prims\jvm.cpp, line 1312]
Event: 0.388 Thread 0x0000000001e2e800 Exception <a 'java/security/PrivilegedActionException'> (0x00000000eb6384d0) thrown at [D:\re\workspace\8-2-build-windows-amd64-cygwin\jdk8u25\1677\hotspot\src\share\vm\prims\jvm.cpp, line 1312]
Event: 0.389 Thread 0x0000000001e2e800 Exception <a 'java/security/PrivilegedActionException'> (0x00000000eb63a278) thrown at [D:\re\workspace\8-2-build-windows-amd64-cygwin\jdk8u25\1677\hotspot\src\share\vm\prims\jvm.cpp, line 1312]
Event: 0.389 Thread 0x0000000001e2e800 Exception <a 'java/security/PrivilegedActionException'> (0x00000000eb63d470) thrown at [D:\re\workspace\8-2-build-windows-amd64-cygwin\jdk8u25\1677\hotspot\src\share\vm\prims\jvm.cpp, line 1312]
Event: 0.413 Thread 0x0000000001e2e800 Exception <a 'java/security/PrivilegedActionException'> (0x00000000eb647900) thrown at [D:\re\workspace\8-2-build-windows-amd64-cygwin\jdk8u25\1677\hotspot\src\share\vm\prims\jvm.cpp, line 1312]

Events (10 events):
Event: 8.694 Thread 0x0000000016350000 DEOPT PACKING pc=0x000000000278c402 sp=0x000000001a28f120
Event: 8.694 Thread 0x0000000016350000 DEOPT UNPACKING pc=0x00000000025575bf sp=0x000000001a28ef20 mode 0
Event: 8.695 Thread 0x0000000016350000 DEOPT PACKING pc=0x000000000278c402 sp=0x000000001a28f120
Event: 8.695 Thread 0x0000000016350000 DEOPT UNPACKING pc=0x00000000025575bf sp=0x000000001a28ef20 mode 0
Event: 8.697 Thread 0x0000000016350000 DEOPT PACKING pc=0x000000000278c402 sp=0x000000001a28f120
Event: 8.697 Thread 0x0000000016350000 DEOPT UNPACKING pc=0x00000000025575bf sp=0x000000001a28ef20 mode 0
Event: 8.734 Executing VM operation: ParallelGCFailedAllocation
Event: 8.744 Executing VM operation: ParallelGCFailedAllocation done
Event: 8.793 Executing VM operation: ParallelGCFailedAllocation
Event: 8.794 Executing VM operation: ParallelGCFailedAllocation done


Dynamic libraries:
0x000000013f150000 - 0x000000013f184000 	C:\Users\Tim\Desktop\eclipse-java-luna-SR1-win32-x86_64\eclipse\bin\javaw.exe
0x00000000773a0000 - 0x0000000077549000 	C:\Windows\SYSTEM32\ntdll.dll
0x0000000077180000 - 0x000000007729f000 	C:\Windows\system32\kernel32.dll
0x000007fefd280000 - 0x000007fefd2ec000 	C:\Windows\system32\KERNELBASE.dll
0x000007fefdd80000 - 0x000007fefde5b000 	C:\Windows\system32\ADVAPI32.dll
0x000007feff220000 - 0x000007feff2bf000 	C:\Windows\system32\msvcrt.dll
0x000007feff680000 - 0x000007feff69f000 	C:\Windows\SYSTEM32\sechost.dll
0x000007fefdc50000 - 0x000007fefdd7d000 	C:\Windows\system32\RPCRT4.dll
0x00000000772a0000 - 0x000000007739a000 	C:\Windows\system32\USER32.dll
0x000007fefd910000 - 0x000007fefd977000 	C:\Windows\system32\GDI32.dll
0x000007fefdb60000 - 0x000007fefdb6e000 	C:\Windows\system32\LPK.dll
0x000007feff510000 - 0x000007feff5d9000 	C:\Windows\system32\USP10.dll
0x000007fefba90000 - 0x000007fefbc84000 	C:\Windows\WinSxS\amd64_microsoft.windows.common-controls_6595b64144ccf1df_6.0.7601.17514_none_fa396087175ac9ac\COMCTL32.dll
0x000007fefdbd0000 - 0x000007fefdc41000 	C:\Windows\system32\SHLWAPI.dll
0x000007fefd8e0000 - 0x000007fefd90e000 	C:\Windows\system32\IMM32.DLL
0x000007fefd520000 - 0x000007fefd629000 	C:\Windows\system32\MSCTF.dll
0x000000006ab20000 - 0x000000006abf2000 	C:\Users\Tim\Desktop\eclipse-java-luna-SR1-win32-x86_64\eclipse\bin\msvcr100.dll
0x0000000050750000 - 0x0000000050faa000 	C:\Users\Tim\Desktop\eclipse-java-luna-SR1-win32-x86_64\eclipse\bin\server\jvm.dll
0x000007fef9ac0000 - 0x000007fef9ac9000 	C:\Windows\system32\WSOCK32.dll
0x000007fefde60000 - 0x000007fefdead000 	C:\Windows\system32\WS2_32.dll
0x000007feff6a0000 - 0x000007feff6a8000 	C:\Windows\system32\NSI.dll
0x000007fef15a0000 - 0x000007fef15db000 	C:\Windows\system32\WINMM.dll
0x0000000077560000 - 0x0000000077567000 	C:\Windows\system32\PSAPI.DLL
0x000000006fcf0000 - 0x000000006fcff000 	C:\Users\Tim\Desktop\eclipse-java-luna-SR1-win32-x86_64\eclipse\bin\verify.dll
0x000000006aaf0000 - 0x000000006ab18000 	C:\Users\Tim\Desktop\eclipse-java-luna-SR1-win32-x86_64\eclipse\bin\java.dll
0x000000006a810000 - 0x000000006a826000 	C:\Users\Tim\Desktop\eclipse-java-luna-SR1-win32-x86_64\eclipse\bin\zip.dll
0x000007fefe3b0000 - 0x000007feff138000 	C:\Windows\system32\SHELL32.dll
0x000007fefd6d0000 - 0x000007fefd8d3000 	C:\Windows\system32\ole32.dll
0x000007fefd170000 - 0x000007fefd17f000 	C:\Windows\system32\profapi.dll
0x000000005b2f0000 - 0x000000005b488000 	C:\Users\Tim\Desktop\eclipse-java-luna-SR1-win32-x86_64\eclipse\bin\awt.dll
0x000007feff140000 - 0x000007feff217000 	C:\Windows\system32\OLEAUT32.dll
0x000007fefb450000 - 0x000007fefb468000 	C:\Windows\system32\DWMAPI.DLL
0x000007fefb880000 - 0x000007fefb8d6000 	C:\Windows\system32\uxtheme.dll
0x000007fef09f0000 - 0x000007fef0a38000 	C:\Program Files (x86)\TeamViewer\Version9\tv_x64.dll
0x000007fefc200000 - 0x000007fefc20c000 	C:\Windows\system32\VERSION.dll
0x000007fefcfc0000 - 0x000007fefcfcf000 	C:\Windows\system32\CRYPTBASE.dll
0x000000005ca60000 - 0x000000005caa7000 	C:\Users\Tim\Desktop\eclipse-java-luna-SR1-win32-x86_64\eclipse\bin\fontmanager.dll
0x000007fefd630000 - 0x000007fefd6c9000 	C:\Windows\system32\CLBCatQ.DLL
0x000007fefb2a0000 - 0x000007fefb401000 	C:\Windows\system32\WindowsCodecs.dll
0x000007fefcf60000 - 0x000007fefcfb7000 	C:\Windows\system32\apphelp.dll
0x000007fef47a0000 - 0x000007fef47cb000 	C:\Users\Tim\AppData\Roaming\Dropbox\bin\DropboxExt64.24.dll
0x000007fef9ad0000 - 0x000007fef9bf5000 	C:\Windows\system32\dbghelp.dll
0x0000000073b20000 - 0x0000000073bf3000 	C:\Windows\WinSxS\amd64_microsoft.vc90.crt_1fc8b3b9a1e18e3b_9.0.30729.6161_none_08e61857a83bc251\MSVCP90.dll
0x00000000733b0000 - 0x0000000073453000 	C:\Windows\WinSxS\amd64_microsoft.vc90.crt_1fc8b3b9a1e18e3b_9.0.30729.6161_none_08e61857a83bc251\MSVCR90.dll
0x000007fefb4d0000 - 0x000007fefb505000 	C:\Windows\system32\EhStorShell.dll
0x000007fefd980000 - 0x000007fefdb57000 	C:\Windows\system32\SETUPAPI.dll
0x000007fefd4e0000 - 0x000007fefd516000 	C:\Windows\system32\CFGMGR32.dll
0x000007fefd230000 - 0x000007fefd24a000 	C:\Windows\system32\DEVOBJ.dll
0x000007fefb8e0000 - 0x000007fefba0c000 	C:\Windows\system32\PROPSYS.dll
0x000007fef3bd0000 - 0x000007fef423f000 	C:\PROGRA~1\MICROS~3\Office14\GROOVEEX.DLL
0x0000000072f50000 - 0x0000000072f7f000 	C:\Windows\WinSxS\amd64_microsoft.vc90.atl_1fc8b3b9a1e18e3b_9.0.30729.6161_none_0a1fd3a3a768b895\ATL90.DLL
0x000007fef37b0000 - 0x000007fef3bca000 	C:\PROGRA~1\COMMON~1\MICROS~1\OFFICE14\Cultures\office.odf
0x000007fef2f20000 - 0x000007fef37a1000 	C:\PROGRA~1\MICROS~3\Office14\1043\GrooveIntlResource.dll
0x000007fef2ea0000 - 0x000007fef2f20000 	C:\Windows\system32\ntshrui.dll
0x000007fefcbe0000 - 0x000007fefcc03000 	C:\Windows\system32\srvcli.dll
0x000007fefc030000 - 0x000007fefc03f000 	C:\Windows\system32\cscapi.dll
0x000007fef9d20000 - 0x000007fef9d2b000 	C:\Windows\system32\slc.dll
0x000007fefc020000 - 0x000007fefc028000 	C:\Windows\system32\IconCodecService.dll
0x000000006a7f0000 - 0x000000006a80a000 	C:\Users\Tim\Desktop\eclipse-java-luna-SR1-win32-x86_64\eclipse\bin\net.dll
0x000007fefc9f0000 - 0x000007fefca45000 	C:\Windows\system32\mswsock.dll
0x000007fefcad0000 - 0x000007fefcad7000 	C:\Windows\System32\wship6.dll
0x000000006a630000 - 0x000000006a641000 	C:\Users\Tim\Desktop\eclipse-java-luna-SR1-win32-x86_64\eclipse\bin\nio.dll
0x000000005ca10000 - 0x000000005ca51000 	C:\Users\Tim\Desktop\eclipse-java-luna-SR1-win32-x86_64\eclipse\bin\t2k.dll

VM Arguments:
jvm_args: -Dfile.encoding=Cp1252 
java_command: Simulator.Main
java_class_path (initial): C:\Users\Tim\Desktop\School\Vossen-Konijnen\Tim zijn speeltuin\bin
Launcher Type: SUN_STANDARD

Environment Variables:
JAVA_HOME=C:\Program Files\Java\jdk1.8.0_05
CLASSPATH=.;C:\Program Files (x86)\QuickTime\QTSystem\QTJava.zip
PATH=C:/Program Files/Java/jre1.8.0_31/bin/server;C:/Program Files/Java/jre1.8.0_31/bin;C:/Program Files/Java/jre1.8.0_31/lib/amd64;C:\ProgramData\Oracle\Java\javapath;C:\Program Files (x86)\CodeGear\RAD Studio\6.0\bin;C:\Users\Public\Documents\RAD Studio\6.0\Bpl;C:\Program Files\Common Files\Microsoft Shared\Windows Live;C:\Program Files (x86)\Common Files\Microsoft Shared\Windows Live;c:\Program Files (x86)\Intel\iCLS Client\;c:\Program Files\Intel\iCLS Client\;C:\Windows\system32;C:\Windows;C:\Windows\System32\Wbem;C:\Windows\System32\WindowsPowerShell\v1.0\;C:\Program Files\Intel\Intel(R) Management Engine Components\DAL;C:\Program Files\Intel\Intel(R) Management Engine Components\IPT;C:\Program Files (x86)\Intel\Intel(R) Management Engine Components\DAL;C:\Program Files (x86)\Intel\Intel(R) Management Engine Components\IPT;C:\Program Files (x86)\Windows Live\Shared;C:\Program Files (x86)\Intel\Services\IPT\;C:\Program Files (x86)\Symantec\VIP Access Client\;C:\Program Files (x86)\Intel\OpenCL SDK\1.5\bin\x86;C:\Program Files (x86)\Intel\OpenCL SDK\1.5\bin\x64;C:\Program Files (x86)\QuickTime\QTSystem\;C:\Users\Public\Documents\RAD Studio\6.0\Bpl;C:\Users\Tim\Desktop\eclipse-java-luna-SR1-win32-x86_64\eclipse;
USERNAME=Tim
OS=Windows_NT
PROCESSOR_IDENTIFIER=Intel64 Family 6 Model 42 Stepping 7, GenuineIntel



---------------  S Y S T E M  ---------------

OS: Windows 7 , 64 bit Build 7601 Service Pack 1

CPU:total 4 (2 cores per cpu, 2 threads per core) family 6 model 42 stepping 7, cmov, cx8, fxsr, mmx, sse, sse2, sse3, ssse3, sse4.1, sse4.2, popcnt, avx, clmul, ht, tsc, tscinvbit

Memory: 4k page, physical 4096836k(792496k free), swap 16385484k(4792k free)

vm_info: Java HotSpot(TM) 64-Bit Server VM (25.25-b02) for windows-amd64 JRE (1.8.0_25-b18), built on Oct  7 2014 14:25:37 by "java_re" with MS VC++ 10.0 (VS2010)

time: Fri Jan 23 13:32:28 2015
elapsed time: 10 seconds (0d 0h 0m 10s)

